2025-05-29T03:11:24 START user=enes
2025-05-29T03:11:33 DMG -10 hp (remain 90)
2025-05-29T03:11:36 INFO +10 pts (total 10)
2025-05-29T03:11:39 INFO +10 pts (total 20)
2025-05-29T03:11:40 INFO +10 pts (total 30)
2025-05-29T03:11:46 INFO +10 pts (total 40)
2025-05-29T03:11:46 INFO +10 pts (total 50)
2025-05-29T03:11:46 LEVEL 1→2
2025-05-29T03:11:53 DMG -10 hp (remain 80)
2025-05-29T03:11:55 DMG -10 hp (remain 70)
2025-05-29T03:11:56 DMG -10 hp (remain 60)
2025-05-29T03:11:56 INFO +10 pts (total 60)
2025-05-29T03:11:56 DMG -10 hp (remain 50)
2025-05-29T03:11:57 INFO +10 pts (total 70)
2025-05-29T03:11:58 INFO +20 pts (total 90)
2025-05-29T03:11:59 DMG -10 hp (remain 40)
2025-05-29T03:12:06 DMG -20 hp (remain 20)
2025-05-29T03:12:12 DMG -20 hp (remain 0)
2025-05-29T03:12:12 END defeat score=90 hp=0
2025-05-29T03:12:27 START user=enes
2025-05-29T03:12:35 INFO +10 pts (total 10)
2025-05-29T03:12:35 INFO +10 pts (total 20)
2025-05-29T03:12:37 INFO +10 pts (total 30)
2025-05-29T03:12:40 INFO +10 pts (total 40)
2025-05-29T03:12:41 INFO +10 pts (total 50)
2025-05-29T03:12:41 LEVEL 1→2
2025-05-29T03:12:50 INFO +10 pts (total 60)
2025-05-29T03:12:52 INFO +10 pts (total 70)
2025-05-29T03:12:52 INFO +10 pts (total 80)
2025-05-29T03:12:53 INFO +20 pts (total 100)
2025-05-29T03:12:53 LEVEL 2→3
2025-05-29T03:13:01 INFO +20 pts (total 120)
2025-05-29T03:13:01 INFO +20 pts (total 140)
2025-05-29T03:13:05 INFO +30 pts (total 170)
2025-05-29T03:13:05 END victory score=170 hp=100
2025-05-29T03:13:15 START user=enes
2025-05-29T03:13:22 INFO +10 pts (total 10)
2025-05-29T03:13:22 INFO +10 pts (total 20)
2025-05-29T03:13:23 DMG -10 hp (remain 90)
2025-05-29T03:13:23 DMG -10 hp (remain 80)
2025-05-29T03:13:26 INFO +10 pts (total 30)
2025-05-29T03:13:29 INFO +10 pts (total 40)
2025-05-29T03:13:30 INFO +10 pts (total 50)
2025-05-29T03:13:30 LEVEL 1→2
2025-05-29T03:13:36 DMG -20 hp (remain 60)
2025-05-29T03:13:36 DMG -10 hp (remain 50)
2025-05-29T03:13:36 DMG -10 hp (remain 40)
2025-05-29T03:13:38 DMG -10 hp (remain 30)
2025-05-29T03:13:38 DMG -20 hp (remain 10)
2025-05-29T03:13:39 DMG -10 hp (remain 0)
2025-05-29T03:13:39 END defeat score=50 hp=0
2025-05-29T03:14:51 START user=test
2025-05-29T03:14:58 DMG -10 hp (remain 90)
2025-05-29T03:15:00 INFO +10 pts (total 10)
2025-05-29T03:15:03 INFO +10 pts (total 20)
2025-05-29T03:15:05 INFO +10 pts (total 30)
2025-05-29T03:15:06 INFO +10 pts (total 40)
2025-05-29T03:15:07 INFO +10 pts (total 50)
2025-05-29T03:15:07 LEVEL 1→2
2025-05-29T03:15:13 DMG -20 hp (remain 70)
2025-05-29T03:15:13 DMG -10 hp (remain 60)
2025-05-29T03:15:16 INFO +10 pts (total 60)
2025-05-29T03:15:16 INFO +10 pts (total 70)
2025-05-29T03:15:17 INFO +10 pts (total 80)
2025-05-29T03:15:18 INFO +20 pts (total 100)
2025-05-29T03:15:18 LEVEL 2→3
2025-05-29T03:15:24 DMG -30 hp (remain 30)
2025-05-29T03:15:24 DMG -30 hp (remain 0)
2025-05-29T03:15:25 END defeat score=100 hp=0
2025-05-29T03:15:30 START user=test
2025-05-29T03:15:36 INFO +10 pts (total 10)
2025-05-29T03:15:37 INFO +10 pts (total 20)
2025-05-29T03:15:39 INFO +10 pts (total 30)
2025-05-29T03:15:41 INFO +10 pts (total 40)
2025-05-29T03:15:42 INFO +10 pts (total 50)
2025-05-29T03:15:42 LEVEL 1→2
2025-05-29T03:15:49 INFO +10 pts (total 60)
2025-05-29T03:15:51 INFO +10 pts (total 70)
2025-05-29T03:15:53 INFO +10 pts (total 80)
2025-05-29T03:15:53 INFO +20 pts (total 100)
2025-05-29T03:15:53 LEVEL 2→3
2025-05-29T03:16:03 INFO +30 pts (total 130)
2025-05-29T03:16:08 INFO +20 pts (total 150)
2025-05-29T03:16:08 END victory score=150 hp=100
2025-05-29T03:16:12 START user=test
2025-05-29T03:16:18 DMG -10 hp (remain 90)
2025-05-29T03:16:21 INFO +10 pts (total 10)
2025-05-29T03:16:23 INFO +10 pts (total 20)
2025-05-29T03:16:23 INFO +10 pts (total 30)
2025-05-29T03:16:24 INFO +10 pts (total 40)
2025-05-29T03:16:25 INFO +10 pts (total 50)
2025-05-29T03:16:25 LEVEL 1→2
2025-05-29T03:16:31 DMG -10 hp (remain 80)
2025-05-29T03:16:31 DMG -20 hp (remain 60)
2025-05-29T03:16:33 INFO +10 pts (total 60)
2025-05-29T03:16:34 INFO +10 pts (total 70)
2025-05-29T03:16:36 INFO +10 pts (total 80)
2025-05-29T03:16:38 INFO +10 pts (total 90)
2025-05-29T03:16:38 INFO +20 pts (total 110)
2025-05-29T03:16:39 LEVEL 2→3
2025-05-29T03:16:45 DMG -30 hp (remain 30)
2025-05-29T03:16:47 INFO +20 pts (total 130)
2025-05-29T03:16:48 INFO +30 pts (total 160)
2025-05-29T03:16:48 END victory score=160 hp=30
2025-05-29T03:17:22 START user=taha
2025-05-29T03:17:32 INFO +10 pts (total 10)
2025-05-29T03:17:32 INFO +10 pts (total 20)
2025-05-29T03:17:36 INFO +10 pts (total 30)
2025-05-29T03:17:38 INFO +10 pts (total 40)
2025-05-29T03:17:40 INFO +10 pts (total 50)
2025-05-29T03:17:40 LEVEL 1→2
2025-05-29T03:17:49 INFO +10 pts (total 60)
2025-05-29T03:17:50 DMG -20 hp (remain 80)
2025-05-29T03:17:50 INFO +10 pts (total 70)
2025-05-29T03:17:51 INFO +10 pts (total 80)
2025-05-29T03:17:54 INFO +10 pts (total 90)
2025-05-29T03:17:54 INFO +10 pts (total 100)
2025-05-29T03:17:54 LEVEL 2→3
2025-05-29T03:18:03 INFO +30 pts (total 130)
2025-05-29T03:18:03 INFO +20 pts (total 150)
2025-05-29T03:18:03 END victory score=150 hp=80
2025-05-29T04:20:25 START user=test
2025-05-29T04:20:34 INFO +10 pts (total 10)
2025-05-29T04:20:34 INFO +10 pts (total 20)
2025-05-29T04:20:34 INFO +10 pts (total 30)
2025-05-29T04:20:35 INFO +10 pts (total 40)
2025-05-29T04:20:36 INFO +10 pts (total 50)
2025-05-29T04:20:36 LEVEL 1→2
2025-05-29T04:20:42 DMG -10 hp (remain 90)
2025-05-29T04:20:44 DMG -20 hp (remain 70)
2025-05-29T04:20:44 INFO +20 pts (total 70)
2025-05-29T04:20:45 DMG -20 hp (remain 50)
2025-05-29T04:20:45 INFO +10 pts (total 80)
2025-05-29T04:20:49 DMG -20 hp (remain 30)
2025-05-29T04:20:50 DMG -20 hp (remain 10)
2025-05-29T04:20:51 INFO +10 pts (total 90)
2025-05-29T04:20:56 INFO +10 pts (total 100)
2025-05-29T04:20:56 LEVEL 2→3
2025-05-29T04:21:04 INFO +20 pts (total 120)
2025-05-29T04:21:05 INFO +30 pts (total 150)
2025-05-29T04:21:05 END victory score=150 hp=10
2025-05-29T04:21:12 START user=test
2025-05-29T04:21:19 INFO +10 pts (total 10)
2025-05-29T04:21:20 INFO +10 pts (total 20)
2025-05-29T04:21:22 INFO +10 pts (total 30)
2025-05-29T04:21:23 INFO +10 pts (total 40)
2025-05-29T04:21:26 INFO +10 pts (total 50)
2025-05-29T04:21:26 LEVEL 1→2
2025-05-29T04:21:34 INFO +10 pts (total 60)
2025-05-29T04:21:36 INFO +20 pts (total 80)
2025-05-29T04:21:36 INFO +20 pts (total 100)
2025-05-29T04:21:36 LEVEL 2→3
2025-05-29T04:22:07 DMG -20 hp (remain 80)
2025-05-29T04:22:09 DMG -30 hp (remain 50)
2025-05-29T04:22:12 INFO +20 pts (total 120)
2025-05-29T04:22:16 INFO +30 pts (total 150)
2025-05-29T04:22:16 END victory score=150 hp=50
